<?xml version="1.0" encoding="UTF-8"?>
<!-- Generated by org.testng.reporters.JUnitXMLReporter -->
<testsuite ignored="0" hostname="OITS-2100099" failures="0" tests="7" name="E-Socio Learning Domain" time="45.471" errors="0" timestamp="2026-04-22T17:03:38 IST">
  <testcase classname="com.iamguru.AI.testCases.WebsiteTest" name="testWebsiteNavigation" time="7.033"/>
  <testcase classname="com.iamguru.AI.testCases.WebsiteTest" name="agentInfo" time="9.243"/>
  <testcase classname="com.iamguru.AI.testCases.WebsiteTest" name="iamGuruInetgrationTest" time="12.522"/>
  <testcase classname="com.iamguru.AI.testCases.WebsiteTest" name="paymentTest" time="6.639"/>
  <testcase classname="com.iamguru.AI.testCases.WebsiteTest" name="validateLogo" time="0.455"/>
  <testcase classname="com.iamguru.AI.testCases.WebsiteTest" name="validateCreateAgent" time="6.393"/>
  <testcase classname="com.iamguru.AI.testCases.WebsiteTest" name="validateDashboardbedoreAgenetIntercation" time="0.479"/>
</testsuite> <!-- E-Socio Learning Domain -->
