<?xml version="1.0" encoding="UTF-8"?>
<testng-results ignored="0" total="7" passed="7" failed="0" skipped="0">
  <reporter-output>
  </reporter-output>
  <suite started-at="2026-04-22T17:02:51 IST" name="iamguru-regression-suite" finished-at="2026-04-22T17:03:37 IST" duration-ms="45471">
    <groups>
    </groups>
    <test started-at="2026-04-22T17:02:51 IST" name="E-Socio Learning Domain" finished-at="2026-04-22T17:03:37 IST" duration-ms="45471">
      <class name="com.iamguru.AI.testCases.WebsiteTest">
        <test-method is-config="true" signature="setup(java.lang.String)[pri:0, instance:com.iamguru.AI.testCases.WebsiteTest@7674f035]" started-at="2026-04-22T17:02:52 IST" name="setup" finished-at="2026-04-22T17:02:53 IST" duration-ms="1916" status="PASS">
          <params>
            <param index="0">
              <value>
                <![CDATA[chrome]]>
              </value>
            </param>
          </params>
          <reporter-output>
          </reporter-output>
        </test-method> <!-- setup -->
        <test-method is-config="true" signature="setUp()[pri:0, instance:com.iamguru.AI.testCases.WebsiteTest@7674f035]" started-at="2026-04-22T17:02:53 IST" name="setUp" finished-at="2026-04-22T17:02:54 IST" duration-ms="397" status="PASS">
          <reporter-output>
          </reporter-output>
        </test-method> <!-- setUp -->
        <test-method signature="testWebsiteNavigation()[pri:1, instance:com.iamguru.AI.testCases.WebsiteTest@7674f035]" started-at="2026-04-22T17:02:54 IST" name="testWebsiteNavigation" finished-at="2026-04-22T17:03:01 IST" duration-ms="7033" status="PASS">
          <reporter-output>
          </reporter-output>
        </test-method> <!-- testWebsiteNavigation -->
        <test-method is-config="true" signature="setUp()[pri:0, instance:com.iamguru.AI.testCases.WebsiteTest@7674f035]" started-at="2026-04-22T17:03:01 IST" name="setUp" finished-at="2026-04-22T17:03:01 IST" duration-ms="5" status="PASS">
          <reporter-output>
          </reporter-output>
        </test-method> <!-- setUp -->
        <test-method signature="agentInfo()[pri:2, instance:com.iamguru.AI.testCases.WebsiteTest@7674f035]" started-at="2026-04-22T17:03:01 IST" name="agentInfo" finished-at="2026-04-22T17:03:10 IST" duration-ms="9243" status="PASS">
          <reporter-output>
          </reporter-output>
        </test-method> <!-- agentInfo -->
        <test-method is-config="true" signature="setUp()[pri:0, instance:com.iamguru.AI.testCases.WebsiteTest@7674f035]" started-at="2026-04-22T17:03:10 IST" name="setUp" finished-at="2026-04-22T17:03:10 IST" duration-ms="19" status="PASS">
          <reporter-output>
          </reporter-output>
        </test-method> <!-- setUp -->
        <test-method signature="iamGuruInetgrationTest()[pri:3, instance:com.iamguru.AI.testCases.WebsiteTest@7674f035]" started-at="2026-04-22T17:03:10 IST" name="iamGuruInetgrationTest" finished-at="2026-04-22T17:03:23 IST" duration-ms="12522" status="PASS">
          <reporter-output>
          </reporter-output>
        </test-method> <!-- iamGuruInetgrationTest -->
        <test-method is-config="true" signature="setUp()[pri:0, instance:com.iamguru.AI.testCases.WebsiteTest@7674f035]" started-at="2026-04-22T17:03:23 IST" name="setUp" finished-at="2026-04-22T17:03:23 IST" duration-ms="4" status="PASS">
          <reporter-output>
          </reporter-output>
        </test-method> <!-- setUp -->
        <test-method signature="paymentTest()[pri:4, instance:com.iamguru.AI.testCases.WebsiteTest@7674f035]" started-at="2026-04-22T17:03:23 IST" name="paymentTest" finished-at="2026-04-22T17:03:29 IST" duration-ms="6639" status="PASS">
          <reporter-output>
          </reporter-output>
        </test-method> <!-- paymentTest -->
        <test-method is-config="true" signature="setUp()[pri:0, instance:com.iamguru.AI.testCases.WebsiteTest@7674f035]" started-at="2026-04-22T17:03:29 IST" name="setUp" finished-at="2026-04-22T17:03:29 IST" duration-ms="10" status="PASS">
          <reporter-output>
          </reporter-output>
        </test-method> <!-- setUp -->
        <test-method signature="validateLogo()[pri:5, instance:com.iamguru.AI.testCases.WebsiteTest@7674f035]" started-at="2026-04-22T17:03:29 IST" name="validateLogo" finished-at="2026-04-22T17:03:30 IST" duration-ms="455" status="PASS">
          <reporter-output>
          </reporter-output>
        </test-method> <!-- validateLogo -->
        <test-method is-config="true" signature="setUp()[pri:0, instance:com.iamguru.AI.testCases.WebsiteTest@7674f035]" started-at="2026-04-22T17:03:30 IST" name="setUp" finished-at="2026-04-22T17:03:30 IST" duration-ms="6" status="PASS">
          <reporter-output>
          </reporter-output>
        </test-method> <!-- setUp -->
        <test-method signature="validateCreateAgent()[pri:6, instance:com.iamguru.AI.testCases.WebsiteTest@7674f035]" started-at="2026-04-22T17:03:30 IST" name="validateCreateAgent" finished-at="2026-04-22T17:03:36 IST" duration-ms="6393" status="PASS">
          <reporter-output>
          </reporter-output>
        </test-method> <!-- validateCreateAgent -->
        <test-method is-config="true" signature="setUp()[pri:0, instance:com.iamguru.AI.testCases.WebsiteTest@7674f035]" started-at="2026-04-22T17:03:36 IST" name="setUp" finished-at="2026-04-22T17:03:36 IST" duration-ms="8" status="PASS">
          <reporter-output>
          </reporter-output>
        </test-method> <!-- setUp -->
        <test-method signature="validateDashboardbedoreAgenetIntercation()[pri:7, instance:com.iamguru.AI.testCases.WebsiteTest@7674f035]" started-at="2026-04-22T17:03:36 IST" name="validateDashboardbedoreAgenetIntercation" finished-at="2026-04-22T17:03:37 IST" duration-ms="479" status="PASS">
          <reporter-output>
          </reporter-output>
        </test-method> <!-- validateDashboardbedoreAgenetIntercation -->
        <test-method is-config="true" signature="tearDown()[pri:0, instance:com.iamguru.AI.testCases.WebsiteTest@7674f035]" started-at="2026-04-22T17:03:37 IST" name="tearDown" finished-at="2026-04-22T17:03:37 IST" duration-ms="4" status="PASS">
          <reporter-output>
          </reporter-output>
        </test-method> <!-- tearDown -->
      </class> <!-- com.iamguru.AI.testCases.WebsiteTest -->
    </test> <!-- E-Socio Learning Domain -->
  </suite> <!-- iamguru-regression-suite -->
</testng-results>
