<?xml version="1.0" encoding="UTF-8"?>
<!-- Generated by org.testng.reporters.JUnitReportReporter -->
<testsuite hostname="OITS-2100099" failures="0" tests="7" name="com.iamguru.AI.testCases.WebsiteTest" time="43.213" errors="0" timestamp="2026-04-22T17:03:38 IST" skipped="0">
  <testcase classname="com.iamguru.AI.testCases.WebsiteTest" name="testWebsiteNavigation" time="7.043"/>
  <testcase classname="com.iamguru.AI.testCases.WebsiteTest" name="agentInfo" time="9.640"/>
  <testcase classname="com.iamguru.AI.testCases.WebsiteTest" name="iamGuruInetgrationTest" time="12.541"/>
  <testcase classname="com.iamguru.AI.testCases.WebsiteTest" name="paymentTest" time="6.645"/>
  <testcase classname="com.iamguru.AI.testCases.WebsiteTest" name="validateLogo" time="0.460"/>
  <testcase classname="com.iamguru.AI.testCases.WebsiteTest" name="validateCreateAgent" time="6.401"/>
  <testcase classname="com.iamguru.AI.testCases.WebsiteTest" name="validateDashboardbedoreAgenetIntercation" time="0.483"/>
</testsuite> <!-- com.iamguru.AI.testCases.WebsiteTest -->
