<?xml version="1.0" encoding="UTF-8"?>
<!-- Generated by org.testng.reporters.JUnitReportReporter -->
<testsuite hostname="OITS-2100099" failures="0" tests="15" name="com.iamguru.AI.testCases.AdminRegressionTest" time="410.114" errors="0" timestamp="2026-04-14T15:13:18 IST" skipped="0">
  <testcase classname="com.iamguru.AI.testCases.AdminRegressionTest" name="validateAdmin" time="10.781"/>
  <testcase classname="com.iamguru.AI.testCases.AdminRegressionTest" name="validateAdminwithRememberMe" time="7.381"/>
  <testcase classname="com.iamguru.AI.testCases.AdminRegressionTest" name="validateForgotPasswordLink" time="0.324"/>
  <testcase classname="com.iamguru.AI.testCases.AdminRegressionTest" name="validateUserInManageUser" time="5.300"/>
  <testcase classname="com.iamguru.AI.testCases.AdminRegressionTest" name="validateaddnewlearner" time="6.791"/>
  <testcase classname="com.iamguru.AI.testCases.AdminRegressionTest" name="validateemailverificationfornewlearner" time="12.314"/>
  <testcase classname="com.iamguru.AI.testCases.AdminRegressionTest" name="emailVerification" time="6.791"/>
  <testcase classname="com.iamguru.AI.testCases.AdminRegressionTest" name="registeredUserLogin" time="1.441"/>
  <testcase classname="com.iamguru.AI.testCases.AdminRegressionTest" name="validateAdminisabletoaddDigitaTwintocreator" time="47.388"/>
  <testcase classname="com.iamguru.AI.testCases.AdminRegressionTest" name="accessDigitalTwin" time="44.628"/>
  <testcase classname="com.iamguru.AI.testCases.AdminRegressionTest" name="createDigitalTwin" time="211.629"/>
  <testcase classname="com.iamguru.AI.testCases.AdminRegressionTest" name="validateEditDigitalTwin" time="13.976"/>
  <testcase classname="com.iamguru.AI.testCases.AdminRegressionTest" name="validateVoicetabFunctionality" time="40.722"/>
  <testcase classname="com.iamguru.AI.testCases.AdminRegressionTest" name="validateKnowledgeBaseTabFunctionality" time="0.435"/>
  <testcase classname="com.iamguru.AI.testCases.AdminRegressionTest" name="validateDigitalTwinFunctionality" time="0.213"/>
</testsuite> <!-- com.iamguru.AI.testCases.AdminRegressionTest -->
